Arguments: 
  /usr/bin/node /usr/bin/yarn install

PATH: 
  /home/picarro/miniconda3/bin:/usr/local/go/bin:/usr/local/sbin:/usr/local/bin:/usr/sbin:/usr/bin:/sbin:/bin:/usr/games:/usr/local/games:/snap/bin

Yarn version: 
  1.19.2

Node version: 
  10.17.0

Platform: 
  linux x64

Trace: 
  SyntaxError: /home/picarro/git/host/projects/pigss/front_end/grafana/picarro/plugins/userDataApp/src/panels/UserDataFileGenerator/package.json: Unexpected token } in JSON at position 930
      at JSON.parse (<anonymous>)
      at /usr/lib/node_modules/yarn/lib/cli.js:1625:59
      at Generator.next (<anonymous>)
      at step (/usr/lib/node_modules/yarn/lib/cli.js:304:30)
      at /usr/lib/node_modules/yarn/lib/cli.js:315:13

npm manifest: 
  {
    "name": "user-data-generator-panel",
    "version": "1.0.0",
    "description": "User Data Generator Panel",
    "scripts": {
      "build": "grafana-toolkit plugin:build",
      "test": "grafana-toolkit plugin:test",
      "dev": "grafana-toolkit plugin:dev",
      "watch": "grafana-toolkit plugin:dev --watch"
    },
    "author": "Dileep Pandey",
    "license": "Apache-2.0",
    "devDependencies": {
      "@grafana/data": "latest",
      "@grafana/toolkit": "next",
      "@grafana/ui": "latest",
      "@types/enzyme": "^3.1.18",
      "@types/jest": "^25.1.2",
      "babel-jest": "^24.9.0",
      "enzyme": "^3.8.0",
      "enzyme-adapter-react-16": "^1.9.1",
      "enzyme-to-json": "^3.3.5",
      "identity-obj-proxy": "^3.0.0",
      "jest": "^24.9.0",
      "jest-fetch-mock": "^3.0.1",
      "jest-styled-components": "^7.0.0",
      "jest-websocket-mock": "^2.0.1",
      "react-test-renderer": "^16.9.0",
      "ts-jest": "^23.10.4",
      "ts-loader": "^5.3.3",
    },
    "dependencies": {
      "@types/styled-components": "^4.1.18",
      "react": "^16.9.0",
      "react-dom": "^16.9.0",
      "react-toastify": "^5.4.0",
      "styled-components": "^4.3.2"
    }
  }

yarn manifest: 
  No manifest

Lockfile: 
  No lockfile
